<?xml version="1.0" encoding="UTF-8"?>
<!-- Generated by org.testng.reporters.JUnitXMLReporter -->
<testsuite ignored="0" hostname="DESKTOP-OD0LFTR" failures="2" tests="2" name="Test" time="23.157" errors="0" timestamp="2025-02-04T23:41:53 IST">
  <testcase classname="TestCases.TC002_loginTest" name="loginverify" time="3.263">
    <failure type="java.lang.AssertionError" message="null">
      <![CDATA[java.lang.AssertionError: null
at TestCases.TC002_loginTest.loginverify(TC002_loginTest.java:37)
at java.base/java.util.ArrayList.forEach(ArrayList.java:1597)
... Removed 27 stack frames]]>
    </failure>
  </testcase> <!-- loginverify -->
  <testcase classname="TestCases.TC001_LoginPage" name="loginpage" time="0.075">
    <failure type="java.lang.AssertionError" message="null">
      <![CDATA[java.lang.AssertionError: null
at TestCases.TC001_LoginPage.loginpage(TC001_LoginPage.java:37)
at java.base/java.util.ArrayList.forEach(ArrayList.java:1597)
... Removed 27 stack frames]]>
    </failure>
  </testcase> <!-- loginpage -->
</testsuite> <!-- Test -->
